<?xml version="1.0" encoding="UTF-8"?>
<!-- Generated by org.testng.reporters.JUnitXMLReporter -->
<testsuite hostname="MUMTEWD00052" ignored="0" name="Default test" tests="5" failures="0" timestamp="22 May 2019 06:07:45 GMT" time="37.219" errors="0">
  <testcase name="verifyHomePageTitleTest" time="0.009" classname="com.fig4u.qa.testcases.HomePageTest"/>
  <testcase name="verifyUserNameTest" time="0.337" classname="com.fig4u.qa.testcases.HomePageTest"/>
  <testcase name="verifyWidNoLinkTest" time="2.266" classname="com.fig4u.qa.testcases.HomePageTest"/>
  <testcase name="windowPop" time="0.69" classname="com.fig4u.qa.testcases.HomePageTest"/>
  <testcase name="searchWIDTest" time="0.967" classname="com.fig4u.qa.testcases.HomePageTest"/>
</testsuite> <!-- Default test -->
